[2026-03-17T13:22:01.651Z] [SEND_OTP] Email Send: Missing credentials for "PLAIN"
Error: Missing credentials for "PLAIN"
    at SMTPConnection._formatError (D:\SYNC_India_Innovates_2026\backend\node_modules\nodemailer\lib\smtp-connection\index.js:809:19)
    at SMTPConnection.login (D:\SYNC_India_Innovates_2026\backend\node_modules\nodemailer\lib\smtp-connection\index.js:454:38)
    at D:\SYNC_India_Innovates_2026\backend\node_modules\nodemailer\lib\smtp-transport\index.js:277:32
    at SMTPConnection.<anonymous> (D:\SYNC_India_Innovates_2026\backend\node_modules\nodemailer\lib\smtp-connection\index.js:215:17)
    at Object.onceWrapper (node:events:622:28)
    at SMTPConnection.emit (node:events:508:28)
    at SMTPConnection._actionEHLO (D:\SYNC_India_Innovates_2026\backend\node_modules\nodemailer\lib\smtp-connection\index.js:1398:14)
    at SMTPConnection._processResponse (D:\SYNC_India_Innovates_2026\backend\node_modules\nodemailer\lib\smtp-connection\index.js:993:20)
    at SMTPConnection._onData (D:\SYNC_India_Innovates_2026\backend\node_modules\nodemailer\lib\smtp-connection\index.js:774:14)
    at SMTPConnection._onSocketData (D:\SYNC_India_Innovates_2026\backend\node_modules\nodemailer\lib\smtp-connection\index.js:195:44)

[2026-03-17T13:22:04.012Z] [SEND_OTP] Email Send: Missing credentials for "PLAIN"
Error: Missing credentials for "PLAIN"
    at SMTPConnection._formatError (D:\SYNC_India_Innovates_2026\backend\node_modules\nodemailer\lib\smtp-connection\index.js:809:19)
    at SMTPConnection.login (D:\SYNC_India_Innovates_2026\backend\node_modules\nodemailer\lib\smtp-connection\index.js:454:38)
    at D:\SYNC_India_Innovates_2026\backend\node_modules\nodemailer\lib\smtp-transport\index.js:277:32
    at SMTPConnection.<anonymous> (D:\SYNC_India_Innovates_2026\backend\node_modules\nodemailer\lib\smtp-connection\index.js:215:17)
    at Object.onceWrapper (node:events:622:28)
    at SMTPConnection.emit (node:events:508:28)
    at SMTPConnection._actionEHLO (D:\SYNC_India_Innovates_2026\backend\node_modules\nodemailer\lib\smtp-connection\index.js:1398:14)
    at SMTPConnection._processResponse (D:\SYNC_India_Innovates_2026\backend\node_modules\nodemailer\lib\smtp-connection\index.js:993:20)
    at SMTPConnection._onData (D:\SYNC_India_Innovates_2026\backend\node_modules\nodemailer\lib\smtp-connection\index.js:774:14)
    at SMTPConnection._onSocketData (D:\SYNC_India_Innovates_2026\backend\node_modules\nodemailer\lib\smtp-connection\index.js:195:44)

[2026-03-17T13:22:36.508Z] [SEND_OTP] Email Send: Missing credentials for "PLAIN"
Error: Missing credentials for "PLAIN"
    at SMTPConnection._formatError (D:\SYNC_India_Innovates_2026\backend\node_modules\nodemailer\lib\smtp-connection\index.js:809:19)
    at SMTPConnection.login (D:\SYNC_India_Innovates_2026\backend\node_modules\nodemailer\lib\smtp-connection\index.js:454:38)
    at D:\SYNC_India_Innovates_2026\backend\node_modules\nodemailer\lib\smtp-transport\index.js:277:32
    at SMTPConnection.<anonymous> (D:\SYNC_India_Innovates_2026\backend\node_modules\nodemailer\lib\smtp-connection\index.js:215:17)
    at Object.onceWrapper (node:events:622:28)
    at SMTPConnection.emit (node:events:508:28)
    at SMTPConnection._actionEHLO (D:\SYNC_India_Innovates_2026\backend\node_modules\nodemailer\lib\smtp-connection\index.js:1398:14)
    at SMTPConnection._processResponse (D:\SYNC_India_Innovates_2026\backend\node_modules\nodemailer\lib\smtp-connection\index.js:993:20)
    at SMTPConnection._onData (D:\SYNC_India_Innovates_2026\backend\node_modules\nodemailer\lib\smtp-connection\index.js:774:14)
    at SMTPConnection._onSocketData (D:\SYNC_India_Innovates_2026\backend\node_modules\nodemailer\lib\smtp-connection\index.js:195:44)

[2026-03-17T13:22:42.098Z] [SEND_OTP] Email Send: Missing credentials for "PLAIN"
Error: Missing credentials for "PLAIN"
    at SMTPConnection._formatError (D:\SYNC_India_Innovates_2026\backend\node_modules\nodemailer\lib\smtp-connection\index.js:809:19)
    at SMTPConnection.login (D:\SYNC_India_Innovates_2026\backend\node_modules\nodemailer\lib\smtp-connection\index.js:454:38)
    at D:\SYNC_India_Innovates_2026\backend\node_modules\nodemailer\lib\smtp-transport\index.js:277:32
    at SMTPConnection.<anonymous> (D:\SYNC_India_Innovates_2026\backend\node_modules\nodemailer\lib\smtp-connection\index.js:215:17)
    at Object.onceWrapper (node:events:622:28)
    at SMTPConnection.emit (node:events:508:28)
    at SMTPConnection._actionEHLO (D:\SYNC_India_Innovates_2026\backend\node_modules\nodemailer\lib\smtp-connection\index.js:1398:14)
    at SMTPConnection._processResponse (D:\SYNC_India_Innovates_2026\backend\node_modules\nodemailer\lib\smtp-connection\index.js:993:20)
    at SMTPConnection._onData (D:\SYNC_India_Innovates_2026\backend\node_modules\nodemailer\lib\smtp-connection\index.js:774:14)
    at SMTPConnection._onSocketData (D:\SYNC_India_Innovates_2026\backend\node_modules\nodemailer\lib\smtp-connection\index.js:195:44)

[2026-03-17T13:23:13.434Z] [SEND_OTP] Email Send: Missing credentials for "PLAIN"
Error: Missing credentials for "PLAIN"
    at SMTPConnection._formatError (D:\SYNC_India_Innovates_2026\backend\node_modules\nodemailer\lib\smtp-connection\index.js:809:19)
    at SMTPConnection.login (D:\SYNC_India_Innovates_2026\backend\node_modules\nodemailer\lib\smtp-connection\index.js:454:38)
    at D:\SYNC_India_Innovates_2026\backend\node_modules\nodemailer\lib\smtp-transport\index.js:277:32
    at SMTPConnection.<anonymous> (D:\SYNC_India_Innovates_2026\backend\node_modules\nodemailer\lib\smtp-connection\index.js:215:17)
    at Object.onceWrapper (node:events:622:28)
    at SMTPConnection.emit (node:events:508:28)
    at SMTPConnection._actionEHLO (D:\SYNC_India_Innovates_2026\backend\node_modules\nodemailer\lib\smtp-connection\index.js:1398:14)
    at SMTPConnection._processResponse (D:\SYNC_India_Innovates_2026\backend\node_modules\nodemailer\lib\smtp-connection\index.js:993:20)
    at SMTPConnection._onData (D:\SYNC_India_Innovates_2026\backend\node_modules\nodemailer\lib\smtp-connection\index.js:774:14)
    at SMTPConnection._onSocketData (D:\SYNC_India_Innovates_2026\backend\node_modules\nodemailer\lib\smtp-connection\index.js:195:44)

[2026-03-17T13:23:22.855Z] [SEND_OTP] Email Send: Missing credentials for "PLAIN"
Error: Missing credentials for "PLAIN"
    at SMTPConnection._formatError (D:\SYNC_India_Innovates_2026\backend\node_modules\nodemailer\lib\smtp-connection\index.js:809:19)
    at SMTPConnection.login (D:\SYNC_India_Innovates_2026\backend\node_modules\nodemailer\lib\smtp-connection\index.js:454:38)
    at D:\SYNC_India_Innovates_2026\backend\node_modules\nodemailer\lib\smtp-transport\index.js:277:32
    at SMTPConnection.<anonymous> (D:\SYNC_India_Innovates_2026\backend\node_modules\nodemailer\lib\smtp-connection\index.js:215:17)
    at Object.onceWrapper (node:events:622:28)
    at SMTPConnection.emit (node:events:508:28)
    at SMTPConnection._actionEHLO (D:\SYNC_India_Innovates_2026\backend\node_modules\nodemailer\lib\smtp-connection\index.js:1398:14)
    at SMTPConnection._processResponse (D:\SYNC_India_Innovates_2026\backend\node_modules\nodemailer\lib\smtp-connection\index.js:993:20)
    at SMTPConnection._onData (D:\SYNC_India_Innovates_2026\backend\node_modules\nodemailer\lib\smtp-connection\index.js:774:14)
    at SMTPConnection._onSocketData (D:\SYNC_India_Innovates_2026\backend\node_modules\nodemailer\lib\smtp-connection\index.js:195:44)

